
                            < M A T L A B (R) >
                  Copyright 1984-2022 The MathWorks, Inc.
                  R2022b (9.13.0.2049777) 64-bit (glnxa64)
                              August 24, 2022

 
To get started, type doc.
For product information, visit www.mathworks.com.
 

distribution_vector = 

    "Stable"


names = 

    "Stable"


trials =

   100


min_pow =

     8


max_pow =

    22


cpu_n =

    20


cpp_code = 

    "cpp_code_smooth/"


dir_name =

    'data_2/Stable_cpu_20_t_100'


table_name =

    'Stable_cpu_20_t_100.dat'

Starting parallel pool (parpool) using the 'Processes' profile ...
Connected to the parallel pool (number of workers: 12).
Elapsed time is 29.039162 seconds.
Stable, Trial: 1/100 sample size: 256
estimate size: 1  7073
Elapsed time is 2.252134 seconds.
Stable, Trial: 2/100 sample size: 256
estimate size: 1  4043
Elapsed time is 4.399799 seconds.
Stable, Trial: 3/100 sample size: 256
estimate size: 1  4731
Elapsed time is 5.753161 seconds.
Stable, Trial: 4/100 sample size: 256
estimate size: 1  5653
Elapsed time is 4.796929 seconds.
Stable, Trial: 5/100 sample size: 256
estimate size: 1  6442
Warning: Problem using function.  Assigning a value of 0. t: 1 b: 14
Warning: Problem using function.  Assigning a value of 0. t: 1 b: 15
In <a href="matlab:matlab.internal.language.introspective.errorDocCallback('parallel_function>make_general_channel/channel_general', '/apps/pkg/matlab/R2022b/toolbox/matlab/lang/parallel_function.m', 837)" style="font-weight:bold">parallel_function>make_general_channel/channel_general</a> (<a href="matlab: opentoline('/apps/pkg/matlab/R2022b/toolbox/matlab/lang/parallel_function.m',837,0)">line 837</a>)
In <a href="matlab:matlab.internal.language.introspective.errorDocCallback('remoteParallelFunction', '/apps/pkg/matlab/R2022b/toolbox/parallel/remoteParallelFunction.m', 67)" style="font-weight:bold">remoteParallelFunction</a> (<a href="matlab: opentoline('/apps/pkg/matlab/R2022b/toolbox/parallel/remoteParallelFunction.m',67,0)">line 67</a>)
{Error using linspace
Inputs must be scalars.

Error in NAP/stitch (line 325)
            parfor (b=1:obj.nBlocks, parforArg)

Error in driver_func (line 173)
            nap = nap.stitch(sample, serial);
} 
