
                            < M A T L A B (R) >
                  Copyright 1984-2022 The MathWorks, Inc.
                  R2022b (9.13.0.2049777) 64-bit (glnxa64)
                              August 24, 2022

 
To get started, type doc.
For product information, visit www.mathworks.com.
 

distribution_vector = 

    "Normal"


names = 

    "Normal"


trials =

   100


min_pow =

     8


max_pow =

    22


cpu_n =

    20


cpp_code = 

    "cpp_code_smooth/"


dir_name =

    'data_2/Normal_cpu_20_t_100'


table_name =

    'Normal_cpu_20_t_100.dat'

Starting parallel pool (parpool) using the 'Processes' profile ...
Connected to the parallel pool (number of workers: 12).
Elapsed time is 23.399919 seconds.
Normal, Trial: 1/100 sample size: 256
estimate size: 1  3817
Elapsed time is 0.363882 seconds.
Normal, Trial: 2/100 sample size: 256
estimate size: 1  4600
Elapsed time is 0.168031 seconds.
Normal, Trial: 3/100 sample size: 256
estimate size: 1  3112
Elapsed time is 0.076237 seconds.
Normal, Trial: 4/100 sample size: 256
estimate size: 1  1537
Elapsed time is 0.298629 seconds.
Normal, Trial: 5/100 sample size: 256
estimate size: 1  3056
Elapsed time is 0.430360 seconds.
Normal, Trial: 6/100 sample size: 256
estimate size: 1  3072
Elapsed time is 0.127396 seconds.
Normal, Trial: 7/100 sample size: 256
estimate size: 1  3860
Elapsed time is 0.097045 seconds.
Normal, Trial: 8/100 sample size: 256
estimate size: 1  2913
Elapsed time is 0.115478 seconds.
Normal, Trial: 9/100 sample size: 256
estimate size: 1  2236
Elapsed time is 0.074973 seconds.
Normal, Trial: 10/100 sample size: 256
estimate size: 1  3114
Elapsed time is 0.095030 seconds.
Normal, Trial: 11/100 sample size: 256
estimate size: 1  3835
Elapsed time is 0.110216 seconds.
Normal, Trial: 12/100 sample size: 256
estimate size: 1  3660
Elapsed time is 0.600359 seconds.
Normal, Trial: 13/100 sample size: 256
estimate size: 1  3090
Elapsed time is 0.111076 seconds.
Normal, Trial: 14/100 sample size: 256
estimate size: 1  3882
Elapsed time is 0.310049 seconds.
Normal, Trial: 15/100 sample size: 256
estimate size: 1  5223
Elapsed time is 0.386107 seconds.
Normal, Trial: 16/100 sample size: 256
estimate size: 1  3886
Elapsed time is 0.092092 seconds.
Normal, Trial: 17/100 sample size: 256
estimate size: 1  2217
Elapsed time is 0.149035 seconds.
Normal, Trial: 18/100 sample size: 256
estimate size: 1  5377
Elapsed time is 0.175904 seconds.
Normal, Trial: 19/100 sample size: 256
estimate size: 1  6013
Elapsed time is 0.357009 seconds.
Normal, Trial: 20/100 sample size: 256
estimate size: 1  3666
Elapsed time is 0.114671 seconds.
Normal, Trial: 21/100 sample size: 256
estimate size: 1  2372
Elapsed time is 0.139071 seconds.
Normal, Trial: 22/100 sample size: 256
estimate size: 1  4486
Elapsed time is 0.089474 seconds.
Normal, Trial: 23/100 sample size: 256
estimate size: 1  2270
Elapsed time is 0.107163 seconds.
Normal, Trial: 24/100 sample size: 256
estimate size: 1  3189
Elapsed time is 0.116472 seconds.
Normal, Trial: 25/100 sample size: 256
estimate size: 1  3785
Warning: Problem using function.  Assigning a value of 0. t: 1 b: 3
In <a href="matlab:matlab.internal.language.introspective.errorDocCallback('parallel_function>make_general_channel/channel_general', '/apps/pkg/matlab/R2022b/toolbox/matlab/lang/parallel_function.m', 837)" style="font-weight:bold">parallel_function>make_general_channel/channel_general</a> (<a href="matlab: opentoline('/apps/pkg/matlab/R2022b/toolbox/matlab/lang/parallel_function.m',837,0)">line 837</a>)
In <a href="matlab:matlab.internal.language.introspective.errorDocCallback('remoteParallelFunction', '/apps/pkg/matlab/R2022b/toolbox/parallel/remoteParallelFunction.m', 67)" style="font-weight:bold">remoteParallelFunction</a> (<a href="matlab: opentoline('/apps/pkg/matlab/R2022b/toolbox/parallel/remoteParallelFunction.m',67,0)">line 67</a>)
Warning: Problem using function.  Assigning a value of 0. t: 1 b: 4
In <a href="matlab:matlab.internal.language.introspective.errorDocCallback('parallel_function>make_general_channel/channel_general', '/apps/pkg/matlab/R2022b/toolbox/matlab/lang/parallel_function.m', 837)" style="font-weight:bold">parallel_function>make_general_channel/channel_general</a> (<a href="matlab: opentoline('/apps/pkg/matlab/R2022b/toolbox/matlab/lang/parallel_function.m',837,0)">line 837</a>)
In <a href="matlab:matlab.internal.language.introspective.errorDocCallback('remoteParallelFunction', '/apps/pkg/matlab/R2022b/toolbox/parallel/remoteParallelFunction.m', 67)" style="font-weight:bold">remoteParallelFunction</a> (<a href="matlab: opentoline('/apps/pkg/matlab/R2022b/toolbox/parallel/remoteParallelFunction.m',67,0)">line 67</a>)
Warning: Problem using function.  Assigning a value of 0. t: 1 b: 5
In <a href="matlab:matlab.internal.language.introspective.errorDocCallback('parallel_function>make_general_channel/channel_general', '/apps/pkg/matlab/R2022b/toolbox/matlab/lang/parallel_function.m', 837)" style="font-weight:bold">parallel_function>make_general_channel/channel_general</a> (<a href="matlab: opentoline('/apps/pkg/matlab/R2022b/toolbox/matlab/lang/parallel_function.m',837,0)">line 837</a>)
In <a href="matlab:matlab.internal.language.introspective.errorDocCallback('remoteParallelFunction', '/apps/pkg/matlab/R2022b/toolbox/parallel/remoteParallelFunction.m', 67)" style="font-weight:bold">remoteParallelFunction</a> (<a href="matlab: opentoline('/apps/pkg/matlab/R2022b/toolbox/parallel/remoteParallelFunction.m',67,0)">line 67</a>)
{Error using linspace
Inputs must be scalars.

Error in NAP/stitch (line 325)
            parfor (b=1:obj.nBlocks, parforArg)

Error in driver_func (line 173)
            nap = nap.stitch(sample, serial);
} 
